0 info it worked if it ends with ok
1 verbose cli [ '/usr/bin/nodejs', '/usr/bin/npm', 'install', 'electron', '-g' ]
2 info using npm@2.15.11
3 info using node@v4.8.3
4 verbose install initial load of /usr/lib/package.json
5 verbose readDependencies loading dependencies from /usr/lib/package.json
6 silly cache add args [ 'electron', null ]
7 verbose cache add spec electron
8 silly cache add parsed spec Result {
8 silly cache add   raw: 'electron',
8 silly cache add   scope: null,
8 silly cache add   name: 'electron',
8 silly cache add   rawSpec: '',
8 silly cache add   spec: 'latest',
8 silly cache add   type: 'tag' }
9 silly addNamed electron@latest
10 verbose addNamed "latest" is being treated as a dist-tag for electron
11 info addNameTag [ 'electron', 'latest' ]
12 silly mapToRegistry name electron
13 silly mapToRegistry using default registry
14 silly mapToRegistry registry https://registry.npmjs.org/
15 silly mapToRegistry data Result {
15 silly mapToRegistry   raw: 'electron',
15 silly mapToRegistry   scope: null,
15 silly mapToRegistry   name: 'electron',
15 silly mapToRegistry   rawSpec: '',
15 silly mapToRegistry   spec: 'latest',
15 silly mapToRegistry   type: 'tag' }
16 silly mapToRegistry uri https://registry.npmjs.org/electron
17 verbose addNameTag registry:https://registry.npmjs.org/electron not in flight; fetching
18 verbose request uri https://registry.npmjs.org/electron
19 verbose request no auth needed
20 info attempt registry request try #1 at 8:07:02 PM
21 verbose request id c4fb7cfd904ae088
22 verbose etag W/"59f11dd3-1fa69"
23 verbose lastModified Wed, 25 Oct 2017 23:27:15 GMT
24 http request GET https://registry.npmjs.org/electron
25 http 304 https://registry.npmjs.org/electron
26 verbose headers { date: 'Fri, 27 Oct 2017 01:07:03 GMT',
26 verbose headers   via: '1.1 varnish',
26 verbose headers   'cache-control': 'max-age=300',
26 verbose headers   etag: 'W/"59f11dd3-1fa69"',
26 verbose headers   age: '0',
26 verbose headers   connection: 'keep-alive',
26 verbose headers   'x-served-by': 'cache-mia17629-MIA',
26 verbose headers   'x-cache': 'HIT',
26 verbose headers   'x-cache-hits': '1',
26 verbose headers   'x-timer': 'S1509066424.563146,VS0,VE32',
26 verbose headers   vary: 'Accept-Encoding, Accept' }
27 silly get cb [ 304,
27 silly get   { date: 'Fri, 27 Oct 2017 01:07:03 GMT',
27 silly get     via: '1.1 varnish',
27 silly get     'cache-control': 'max-age=300',
27 silly get     etag: 'W/"59f11dd3-1fa69"',
27 silly get     age: '0',
27 silly get     connection: 'keep-alive',
27 silly get     'x-served-by': 'cache-mia17629-MIA',
27 silly get     'x-cache': 'HIT',
27 silly get     'x-cache-hits': '1',
27 silly get     'x-timer': 'S1509066424.563146,VS0,VE32',
27 silly get     vary: 'Accept-Encoding, Accept' } ]
28 verbose etag https://registry.npmjs.org/electron from cache
29 verbose get saving electron to /home/juzap10/.npm/registry.npmjs.org/electron/.cache.json
30 verbose correctMkdir /home/juzap10/.npm correctMkdir not in flight; initializing
31 silly addNameTag next cb for electron with tag latest
32 silly addNamed electron@1.7.9
33 verbose addNamed "1.7.9" is a plain semver version for electron
34 silly cache afterAdd electron@1.7.9
35 verbose afterAdd /home/juzap10/.npm/electron/1.7.9/package/package.json not in flight; writing
36 verbose correctMkdir /home/juzap10/.npm correctMkdir not in flight; initializing
37 verbose afterAdd /home/juzap10/.npm/electron/1.7.9/package/package.json written
38 silly install resolved [ { scripts:
38 silly install resolved      { 'cache-clean': 'rm -rf ~/.electron && rm -rf dist',
38 silly install resolved        postinstall: 'node install.js',
38 silly install resolved        pretest: 'npm run cache-clean',
38 silly install resolved        test: 'standard' },
38 silly install resolved     bin: { electron: 'cli.js' },
38 silly install resolved     main: 'index.js',
38 silly install resolved     types: 'electron.d.ts',
38 silly install resolved     dependencies:
38 silly install resolved      { '@types/node': '^7.0.18',
38 silly install resolved        'electron-download': '^3.0.1',
38 silly install resolved        'extract-zip': '^1.0.3' },
38 silly install resolved     devDependencies:
38 silly install resolved      { 'home-path': '^0.1.1',
38 silly install resolved        'path-exists': '^2.0.0',
38 silly install resolved        standard: '^5.4.1' },
38 silly install resolved     directories: { test: 'test' },
38 silly install resolved     name: 'electron',
38 silly install resolved     version: '1.7.9',
38 silly install resolved     repository:
38 silly install resolved      { type: 'git',
38 silly install resolved        url: 'git+https://github.com/electron/electron.git' },
38 silly install resolved     description: 'Build cross platform desktop apps with JavaScript, HTML, and CSS',
38 silly install resolved     license: 'MIT',
38 silly install resolved     author: { name: 'Electron Community' },
38 silly install resolved     keywords: [ 'electron' ],
38 silly install resolved     bugs: { url: 'https://github.com/electron/electron/issues' },
38 silly install resolved     homepage: 'https://github.com/electron/electron#readme',
38 silly install resolved     _id: 'electron@1.7.9',
38 silly install resolved     _shasum: 'add54e9f8f83ed02f6519ec10135f698b19336cf',
38 silly install resolved     _resolved: 'https://registry.npmjs.org/electron/-/electron-1.7.9.tgz',
38 silly install resolved     _from: 'electron@latest',
38 silly install resolved     _npmVersion: '3.10.10',
38 silly install resolved     _nodeVersion: '6.11.0',
38 silly install resolved     _npmUser: { name: 'electron', email: 'electron@github.com' },
38 silly install resolved     dist:
38 silly install resolved      { shasum: 'add54e9f8f83ed02f6519ec10135f698b19336cf',
38 silly install resolved        tarball: 'https://registry.npmjs.org/electron/-/electron-1.7.9.tgz' },
38 silly install resolved     maintainers: [ [Object], [Object] ],
38 silly install resolved     _npmOperationalInternal:
38 silly install resolved      { host: 's3://npm-registry-packages',
38 silly install resolved        tmp: 'tmp/electron-1.7.9.tgz_1507669408414_0.7958620723802596' },
38 silly install resolved     readme: 'ERROR: No README data found!' } ]
39 info install electron@1.7.9 into /usr/lib
40 info installOne electron@1.7.9
41 verbose installOne of electron to /usr/lib not in flight; installing
42 verbose correctMkdir /home/juzap10/.npm/_locks correctMkdir not in flight; initializing
43 verbose lock using /home/juzap10/.npm/_locks/electron-4ec9041516e83795.lock for /usr/lib/node_modules/electron
44 silly install write writing electron 1.7.9 to /usr/lib/node_modules/electron
45 verbose unbuild lib/node_modules/electron
46 silly gentlyRm /usr/lib/node_modules/electron is being purged from base /usr
47 verbose gentlyRm don't care about contents; nuking /usr/lib/node_modules/electron
48 verbose tar unpack /home/juzap10/.npm/electron/1.7.9/package.tgz
49 verbose tar unpacking to /usr/lib/node_modules/electron
50 silly gentlyRm /usr/lib/node_modules/electron is being purged
51 verbose gentlyRm don't care about contents; nuking /usr/lib/node_modules/electron
52 silly gunzTarPerm modes [ '775', '664' ]
53 error tar.unpack untar error /home/juzap10/.npm/electron/1.7.9/package.tgz
54 verbose unlock done using /home/juzap10/.npm/_locks/electron-4ec9041516e83795.lock for /usr/lib/node_modules/electron
55 verbose fstream_path /usr/lib/node_modules/electron
56 verbose fstream_type Directory
57 verbose fstream_class DirWriter
58 verbose stack Error: EACCES: permission denied, mkdir '/usr/lib/node_modules/electron'
58 verbose stack     at Error (native)
59 verbose fstream_stack /usr/lib/node_modules/npm/node_modules/fstream/lib/dir-writer.js:35:25
59 verbose fstream_stack /usr/lib/node_modules/npm/node_modules/mkdirp/index.js:47:53
59 verbose fstream_stack FSReqWrap.oncomplete (fs.js:82:15)
60 verbose cwd /home/juzap10/Desktop/ElectrosPruebas/ElectroBasic
61 error Linux 4.10.0-28-generic
62 error argv "/usr/bin/nodejs" "/usr/bin/npm" "install" "electron" "-g"
63 error node v4.8.3
64 error npm  v2.15.11
65 error path /usr/lib/node_modules/electron
66 error code EACCES
67 error errno -13
68 error syscall mkdir
69 error Error: EACCES: permission denied, mkdir '/usr/lib/node_modules/electron'
69 error     at Error (native)
69 error  { [Error: EACCES: permission denied, mkdir '/usr/lib/node_modules/electron']
69 error   errno: -13,
69 error   code: 'EACCES',
69 error   syscall: 'mkdir',
69 error   path: '/usr/lib/node_modules/electron',
69 error   fstream_type: 'Directory',
69 error   fstream_path: '/usr/lib/node_modules/electron',
69 error   fstream_class: 'DirWriter',
69 error   fstream_stack:
69 error    [ '/usr/lib/node_modules/npm/node_modules/fstream/lib/dir-writer.js:35:25',
69 error      '/usr/lib/node_modules/npm/node_modules/mkdirp/index.js:47:53',
69 error      'FSReqWrap.oncomplete (fs.js:82:15)' ] }
70 error Please try running this command again as root/Administrator.
71 verbose exit [ -13, true ]
72 verbose unbuild lib/node_modules/electron
73 silly gentlyRm /usr/lib/node_modules/electron is being purged from base /usr
74 verbose gentlyRm don't care about contents; nuking /usr/lib/node_modules/electron
